2018-02-21 23:29:50,770 INFO o.a.j.u.JMeterUtils: Setting Locale to en_CA
2018-02-21 23:29:50,782 INFO o.a.j.JMeter: Loading user properties from: C:\apps\jmeter3_3\apache-jmeter-3.3\bin\user.properties
2018-02-21 23:29:50,782 INFO o.a.j.JMeter: Loading system properties from: C:\apps\jmeter3_3\apache-jmeter-3.3\bin\system.properties
2018-02-21 23:29:50,783 INFO o.a.j.JMeter: Setting JMeter property: jmeter.save.saveservice.output_format=xml
2018-02-21 23:29:50,789 INFO o.a.j.JMeter: Copyright (c) 1998-2017 The Apache Software Foundation
2018-02-21 23:29:50,789 INFO o.a.j.JMeter: Version 3.3 r1808647
2018-02-21 23:29:50,789 INFO o.a.j.JMeter: java.version=1.8.0_161
2018-02-21 23:29:50,789 INFO o.a.j.JMeter: java.vm.name=Java HotSpot(TM) 64-Bit Server VM
2018-02-21 23:29:50,796 INFO o.a.j.JMeter: os.name=Windows 10
2018-02-21 23:29:50,796 INFO o.a.j.JMeter: os.arch=amd64
2018-02-21 23:29:50,796 INFO o.a.j.JMeter: os.version=10.0
2018-02-21 23:29:50,796 INFO o.a.j.JMeter: file.encoding=Cp1252
2018-02-21 23:29:50,796 INFO o.a.j.JMeter: Max memory     =536870912
2018-02-21 23:29:50,797 INFO o.a.j.JMeter: Available Processors =4
2018-02-21 23:29:50,801 INFO o.a.j.JMeter: Default Locale=English (Canada)
2018-02-21 23:29:50,801 INFO o.a.j.JMeter: JMeter  Locale=English (Canada)
2018-02-21 23:29:50,801 INFO o.a.j.JMeter: JMeterHome=C:\apps\jmeter3_3\apache-jmeter-3.3
2018-02-21 23:29:50,801 INFO o.a.j.JMeter: user.dir  =C:\Dinesh\Projects\jmeter\scripts
2018-02-21 23:29:50,801 INFO o.a.j.JMeter: PWD       =C:\Dinesh\Projects\jmeter\scripts
2018-02-21 23:29:55,324 INFO o.a.j.JMeter: IP: 10.0.75.1 Name: Skytop FullName: Skytop
2018-02-21 23:29:55,333 INFO o.a.j.s.FileServer: Default base='C:\Dinesh\Projects\jmeter\scripts'
2018-02-21 23:29:55,334 INFO o.a.j.s.FileServer: Set new base='C:\Dinesh\Projects\jmeter\scripts'
2018-02-21 23:29:55,508 INFO o.a.j.s.SaveService: Testplan (JMX) version: 2.2. Testlog (JTL) version: 2.2
2018-02-21 23:29:55,523 INFO o.a.j.s.SaveService: Using SaveService properties file encoding UTF-8
2018-02-21 23:29:55,534 INFO o.a.j.s.SaveService: Using SaveService properties version 3.2
2018-02-21 23:29:55,540 INFO o.a.j.s.SaveService: Loading file: simpleTest.jmx
2018-02-21 23:29:55,574 INFO o.a.j.p.h.c.CookieManager: Settings: Delete null: true Check: true Allow variable: true Save: false Prefix: COOKIE_
2018-02-21 23:29:55,583 INFO o.a.j.p.h.s.HTTPSamplerBase: Parser for text/html is org.apache.jmeter.protocol.http.parser.LagartoBasedHtmlParser
2018-02-21 23:29:55,583 INFO o.a.j.p.h.s.HTTPSamplerBase: Parser for application/xhtml+xml is org.apache.jmeter.protocol.http.parser.LagartoBasedHtmlParser
2018-02-21 23:29:55,583 INFO o.a.j.p.h.s.HTTPSamplerBase: Parser for application/xml is org.apache.jmeter.protocol.http.parser.LagartoBasedHtmlParser
2018-02-21 23:29:55,583 INFO o.a.j.p.h.s.HTTPSamplerBase: Parser for text/xml is org.apache.jmeter.protocol.http.parser.LagartoBasedHtmlParser
2018-02-21 23:29:55,583 INFO o.a.j.p.h.s.HTTPSamplerBase: Parser for text/vnd.wap.wml is org.apache.jmeter.protocol.http.parser.RegexpHTMLParser
2018-02-21 23:29:55,583 INFO o.a.j.p.h.s.HTTPSamplerBase: Parser for text/css is org.apache.jmeter.protocol.http.parser.CssParser
2018-02-21 23:29:55,604 INFO o.a.j.JMeter: Creating summariser <summary>
2018-02-21 23:29:55,608 INFO o.a.j.e.StandardJMeterEngine: Running the test!
2018-02-21 23:29:55,609 INFO o.a.j.s.SampleEvent: List of sample_variables: []
2018-02-21 23:29:55,609 INFO o.a.j.s.SampleEvent: List of sample_variables: []
2018-02-21 23:29:55,614 INFO o.a.j.e.u.CompoundVariable: Note: Function class names must contain the string: '.functions.'
2018-02-21 23:29:55,614 INFO o.a.j.e.u.CompoundVariable: Note: Function class names must not contain the string: '.gui.'
2018-02-21 23:29:55,943 INFO o.a.j.JMeter: Running test (1519273795943)
2018-02-21 23:29:55,979 INFO o.a.j.e.StandardJMeterEngine: Starting ThreadGroup: 1 : Thread Group
2018-02-21 23:29:55,980 INFO o.a.j.e.StandardJMeterEngine: Starting 100 threads for group Thread Group.
2018-02-21 23:29:55,980 INFO o.a.j.e.StandardJMeterEngine: Thread will continue on error
2018-02-21 23:29:55,980 INFO o.a.j.t.ThreadGroup: Starting thread group... number=1 threads=100 ramp-up=10 perThread=100.0 delayedStart=false
2018-02-21 23:29:56,025 INFO o.a.j.t.ThreadGroup: Started thread group number 1
2018-02-21 23:29:56,025 INFO o.a.j.e.StandardJMeterEngine: All thread groups have been started
2018-02-21 23:29:57,982 INFO o.a.j.t.JMeterThread: Thread started: Thread Group 1-1
2018-02-21 23:29:58,013 INFO o.a.j.p.h.s.HTTPHCAbstractImpl: Local host = Skytop
2018-02-21 23:29:58,018 INFO o.a.j.p.h.s.HTTPHC4Impl: HTTP request retry count = 0
2018-02-21 23:29:58,027 INFO o.a.j.s.SampleResult: Note: Sample TimeStamps are START times
2018-02-21 23:29:58,027 INFO o.a.j.s.SampleResult: sampleresult.default.encoding is set to ISO-8859-1
2018-02-21 23:29:58,027 INFO o.a.j.s.SampleResult: sampleresult.useNanoTime=true
2018-02-21 23:29:58,027 INFO o.a.j.s.SampleResult: sampleresult.nanoThreadSleep=5000
2018-02-21 23:29:58,083 INFO o.a.j.t.JMeterThread: Thread started: Thread Group 1-2
2018-02-21 23:29:58,184 INFO o.a.j.t.JMeterThread: Thread started: Thread Group 1-3
2018-02-21 23:29:58,283 INFO o.a.j.t.JMeterThread: Thread started: Thread Group 1-4
2018-02-21 23:29:58,384 INFO o.a.j.t.JMeterThread: Thread started: Thread Group 1-5
2018-02-21 23:29:58,484 INFO o.a.j.t.JMeterThread: Thread started: Thread Group 1-6
2018-02-21 23:29:58,586 INFO o.a.j.t.JMeterThread: Thread started: Thread Group 1-7
2018-02-21 23:29:58,682 INFO o.a.j.t.JMeterThread: Thread started: Thread Group 1-8
2018-02-21 23:29:58,782 INFO o.a.j.t.JMeterThread: Thread started: Thread Group 1-9
2018-02-21 23:29:58,881 INFO o.a.j.t.JMeterThread: Thread started: Thread Group 1-10
2018-02-21 23:29:58,982 INFO o.a.j.t.JMeterThread: Thread started: Thread Group 1-11
2018-02-21 23:29:59,082 INFO o.a.j.t.JMeterThread: Thread started: Thread Group 1-12
2018-02-21 23:29:59,181 INFO o.a.j.t.JMeterThread: Thread started: Thread Group 1-13
2018-02-21 23:29:59,282 INFO o.a.j.t.JMeterThread: Thread started: Thread Group 1-14
2018-02-21 23:29:59,381 INFO o.a.j.t.JMeterThread: Thread started: Thread Group 1-15
2018-02-21 23:29:59,480 INFO o.a.j.t.JMeterThread: Thread started: Thread Group 1-16
2018-02-21 23:29:59,582 INFO o.a.j.t.JMeterThread: Thread started: Thread Group 1-17
2018-02-21 23:29:59,681 INFO o.a.j.t.JMeterThread: Thread started: Thread Group 1-18
2018-02-21 23:29:59,781 INFO o.a.j.t.JMeterThread: Thread started: Thread Group 1-19
2018-02-21 23:29:59,880 INFO o.a.j.t.JMeterThread: Thread started: Thread Group 1-20
2018-02-21 23:29:59,981 INFO o.a.j.t.JMeterThread: Thread started: Thread Group 1-21
2018-02-21 23:30:00,007 INFO o.a.j.r.Summariser: summary +     37 in 00:00:04 =    9.1/s Avg:   476 Min:   292 Max:   699 Err:    37 (100.00%) Active: 21 Started: 21 Finished: 0
2018-02-21 23:30:00,080 INFO o.a.j.t.JMeterThread: Thread started: Thread Group 1-22
2018-02-21 23:30:00,180 INFO o.a.j.t.JMeterThread: Thread started: Thread Group 1-23
2018-02-21 23:30:00,280 INFO o.a.j.t.JMeterThread: Thread started: Thread Group 1-24
2018-02-21 23:30:00,380 INFO o.a.j.t.JMeterThread: Thread started: Thread Group 1-25
2018-02-21 23:30:00,481 INFO o.a.j.t.JMeterThread: Thread started: Thread Group 1-26
2018-02-21 23:30:00,580 INFO o.a.j.t.JMeterThread: Thread started: Thread Group 1-27
2018-02-21 23:30:00,681 INFO o.a.j.t.JMeterThread: Thread started: Thread Group 1-28
2018-02-21 23:30:00,780 INFO o.a.j.t.JMeterThread: Thread started: Thread Group 1-29
2018-02-21 23:30:00,880 INFO o.a.j.t.JMeterThread: Thread started: Thread Group 1-30
2018-02-21 23:30:00,981 INFO o.a.j.t.JMeterThread: Thread started: Thread Group 1-31
2018-02-21 23:30:01,080 INFO o.a.j.t.JMeterThread: Thread started: Thread Group 1-32
2018-02-21 23:30:01,180 INFO o.a.j.t.JMeterThread: Thread started: Thread Group 1-33
2018-02-21 23:30:01,280 INFO o.a.j.t.JMeterThread: Thread started: Thread Group 1-34
2018-02-21 23:30:01,380 INFO o.a.j.t.JMeterThread: Thread started: Thread Group 1-35
2018-02-21 23:30:01,480 INFO o.a.j.t.JMeterThread: Thread started: Thread Group 1-36
2018-02-21 23:30:01,580 INFO o.a.j.t.JMeterThread: Thread started: Thread Group 1-37
2018-02-21 23:30:01,680 INFO o.a.j.t.JMeterThread: Thread started: Thread Group 1-38
2018-02-21 23:30:01,780 INFO o.a.j.t.JMeterThread: Thread started: Thread Group 1-39
2018-02-21 23:30:01,880 INFO o.a.j.t.JMeterThread: Thread started: Thread Group 1-40
2018-02-21 23:30:01,980 INFO o.a.j.t.JMeterThread: Thread started: Thread Group 1-41
2018-02-21 23:30:02,080 INFO o.a.j.t.JMeterThread: Thread started: Thread Group 1-42
2018-02-21 23:30:02,182 INFO o.a.j.t.JMeterThread: Thread started: Thread Group 1-43
2018-02-21 23:30:02,281 INFO o.a.j.t.JMeterThread: Thread started: Thread Group 1-44
2018-02-21 23:30:02,381 INFO o.a.j.t.JMeterThread: Thread started: Thread Group 1-45
2018-02-21 23:30:02,481 INFO o.a.j.t.JMeterThread: Thread started: Thread Group 1-46
2018-02-21 23:30:02,581 INFO o.a.j.t.JMeterThread: Thread started: Thread Group 1-47
2018-02-21 23:30:02,681 INFO o.a.j.t.JMeterThread: Thread started: Thread Group 1-48
2018-02-21 23:30:02,781 INFO o.a.j.t.JMeterThread: Thread started: Thread Group 1-49
2018-02-21 23:30:02,881 INFO o.a.j.t.JMeterThread: Thread started: Thread Group 1-50
2018-02-21 23:30:02,981 INFO o.a.j.t.JMeterThread: Thread started: Thread Group 1-51
2018-02-21 23:30:03,080 INFO o.a.j.t.JMeterThread: Thread started: Thread Group 1-52
2018-02-21 23:30:03,180 INFO o.a.j.t.JMeterThread: Thread started: Thread Group 1-53
2018-02-21 23:30:03,280 INFO o.a.j.t.JMeterThread: Thread started: Thread Group 1-54
2018-02-21 23:30:03,381 INFO o.a.j.t.JMeterThread: Thread started: Thread Group 1-55
2018-02-21 23:30:03,481 INFO o.a.j.t.JMeterThread: Thread started: Thread Group 1-56
2018-02-21 23:30:03,580 INFO o.a.j.t.JMeterThread: Thread started: Thread Group 1-57
2018-02-21 23:30:03,680 INFO o.a.j.t.JMeterThread: Thread started: Thread Group 1-58
2018-02-21 23:30:03,780 INFO o.a.j.t.JMeterThread: Thread started: Thread Group 1-59
2018-02-21 23:30:03,883 INFO o.a.j.t.JMeterThread: Thread started: Thread Group 1-60
2018-02-21 23:30:03,980 INFO o.a.j.t.JMeterThread: Thread started: Thread Group 1-61
2018-02-21 23:30:04,081 INFO o.a.j.t.JMeterThread: Thread started: Thread Group 1-62
2018-02-21 23:30:04,180 INFO o.a.j.t.JMeterThread: Thread started: Thread Group 1-63
2018-02-21 23:30:04,281 INFO o.a.j.t.JMeterThread: Thread started: Thread Group 1-64
2018-02-21 23:30:04,380 INFO o.a.j.t.JMeterThread: Thread started: Thread Group 1-65
2018-02-21 23:30:04,481 INFO o.a.j.t.JMeterThread: Thread started: Thread Group 1-66
2018-02-21 23:30:04,581 INFO o.a.j.t.JMeterThread: Thread started: Thread Group 1-67
2018-02-21 23:30:04,682 INFO o.a.j.t.JMeterThread: Thread started: Thread Group 1-68
2018-02-21 23:30:04,782 INFO o.a.j.t.JMeterThread: Thread started: Thread Group 1-69
2018-02-21 23:30:04,882 INFO o.a.j.t.JMeterThread: Thread started: Thread Group 1-70
2018-02-21 23:30:04,981 INFO o.a.j.t.JMeterThread: Thread started: Thread Group 1-71
2018-02-21 23:30:05,080 INFO o.a.j.t.JMeterThread: Thread started: Thread Group 1-72
2018-02-21 23:30:05,180 INFO o.a.j.t.JMeterThread: Thread started: Thread Group 1-73
2018-02-21 23:30:05,280 INFO o.a.j.t.JMeterThread: Thread started: Thread Group 1-74
2018-02-21 23:30:05,381 INFO o.a.j.t.JMeterThread: Thread started: Thread Group 1-75
2018-02-21 23:30:05,481 INFO o.a.j.t.JMeterThread: Thread started: Thread Group 1-76
2018-02-21 23:30:05,581 INFO o.a.j.t.JMeterThread: Thread started: Thread Group 1-77
2018-02-21 23:30:05,681 INFO o.a.j.t.JMeterThread: Thread started: Thread Group 1-78
2018-02-21 23:30:05,781 INFO o.a.j.t.JMeterThread: Thread started: Thread Group 1-79
2018-02-21 23:30:05,880 INFO o.a.j.t.JMeterThread: Thread started: Thread Group 1-80
2018-02-21 23:30:05,981 INFO o.a.j.t.JMeterThread: Thread started: Thread Group 1-81
2018-02-21 23:30:06,081 INFO o.a.j.t.JMeterThread: Thread started: Thread Group 1-82
2018-02-21 23:30:06,181 INFO o.a.j.t.JMeterThread: Thread started: Thread Group 1-83
2018-02-21 23:30:06,281 INFO o.a.j.t.JMeterThread: Thread started: Thread Group 1-84
2018-02-21 23:30:06,381 INFO o.a.j.t.JMeterThread: Thread started: Thread Group 1-85
2018-02-21 23:30:06,481 INFO o.a.j.t.JMeterThread: Thread started: Thread Group 1-86
2018-02-21 23:30:06,581 INFO o.a.j.t.JMeterThread: Thread started: Thread Group 1-87
2018-02-21 23:30:06,681 INFO o.a.j.t.JMeterThread: Thread started: Thread Group 1-88
2018-02-21 23:30:06,781 INFO o.a.j.t.JMeterThread: Thread started: Thread Group 1-89
2018-02-21 23:30:06,881 INFO o.a.j.t.JMeterThread: Thread started: Thread Group 1-90
2018-02-21 23:30:06,981 INFO o.a.j.t.JMeterThread: Thread started: Thread Group 1-91
2018-02-21 23:30:07,081 INFO o.a.j.t.JMeterThread: Thread started: Thread Group 1-92
2018-02-21 23:30:07,181 INFO o.a.j.t.JMeterThread: Thread started: Thread Group 1-93
2018-02-21 23:30:07,281 INFO o.a.j.t.JMeterThread: Thread started: Thread Group 1-94
2018-02-21 23:30:07,381 INFO o.a.j.t.JMeterThread: Thread started: Thread Group 1-95
2018-02-21 23:30:07,480 INFO o.a.j.t.JMeterThread: Thread started: Thread Group 1-96
2018-02-21 23:30:07,580 INFO o.a.j.t.JMeterThread: Thread started: Thread Group 1-97
2018-02-21 23:30:07,680 INFO o.a.j.t.JMeterThread: Thread started: Thread Group 1-98
2018-02-21 23:30:07,781 INFO o.a.j.t.JMeterThread: Thread started: Thread Group 1-99
2018-02-21 23:30:07,881 INFO o.a.j.t.JMeterThread: Thread started: Thread Group 1-100
2018-02-21 23:30:30,003 INFO o.a.j.r.Summariser: summary +   5561 in 00:00:30 =  185.4/s Avg:   478 Min:   287 Max:   910 Err:  5561 (100.00%) Active: 100 Started: 100 Finished: 0
2018-02-21 23:30:30,004 INFO o.a.j.r.Summariser: summary =   5598 in 00:00:34 =  164.4/s Avg:   478 Min:   287 Max:   910 Err:  5598 (100.00%)
2018-02-21 23:30:57,983 INFO o.a.j.t.JMeterThread: Stopping because end time detected by thread: Thread Group 1-41
2018-02-21 23:30:57,983 INFO o.a.j.t.JMeterThread: Stopping because end time detected by thread: Thread Group 1-50
2018-02-21 23:30:57,983 INFO o.a.j.t.JMeterThread: Stopping because end time detected by thread: Thread Group 1-47
2018-02-21 23:30:57,983 INFO o.a.j.t.JMeterThread: Thread finished: Thread Group 1-50
2018-02-21 23:30:57,983 INFO o.a.j.t.JMeterThread: Thread finished: Thread Group 1-47
2018-02-21 23:30:57,983 INFO o.a.j.t.JMeterThread: Thread finished: Thread Group 1-41
2018-02-21 23:30:57,989 INFO o.a.j.t.JMeterThread: Stopping because end time detected by thread: Thread Group 1-86
2018-02-21 23:30:57,990 INFO o.a.j.t.JMeterThread: Thread finished: Thread Group 1-86
2018-02-21 23:30:57,994 INFO o.a.j.t.JMeterThread: Stopping because end time detected by thread: Thread Group 1-82
2018-02-21 23:30:57,995 INFO o.a.j.t.JMeterThread: Thread finished: Thread Group 1-82
2018-02-21 23:30:58,004 INFO o.a.j.t.JMeterThread: Stopping because end time detected by thread: Thread Group 1-87
2018-02-21 23:30:58,005 INFO o.a.j.t.JMeterThread: Thread finished: Thread Group 1-87
2018-02-21 23:30:58,011 INFO o.a.j.t.JMeterThread: Stopping because end time detected by thread: Thread Group 1-21
2018-02-21 23:30:58,011 INFO o.a.j.t.JMeterThread: Thread finished: Thread Group 1-21
2018-02-21 23:30:58,029 INFO o.a.j.t.JMeterThread: Stopping because end time detected by thread: Thread Group 1-62
2018-02-21 23:30:58,029 INFO o.a.j.t.JMeterThread: Stopping because end time detected by thread: Thread Group 1-91
2018-02-21 23:30:58,029 INFO o.a.j.t.JMeterThread: Stopping because end time detected by thread: Thread Group 1-93
2018-02-21 23:30:58,029 INFO o.a.j.t.JMeterThread: Thread finished: Thread Group 1-93
2018-02-21 23:30:58,029 INFO o.a.j.t.JMeterThread: Thread finished: Thread Group 1-91
2018-02-21 23:30:58,029 INFO o.a.j.t.JMeterThread: Thread finished: Thread Group 1-62
2018-02-21 23:30:58,032 INFO o.a.j.t.JMeterThread: Stopping because end time detected by thread: Thread Group 1-51
2018-02-21 23:30:58,032 INFO o.a.j.t.JMeterThread: Thread finished: Thread Group 1-51
2018-02-21 23:30:58,036 INFO o.a.j.t.JMeterThread: Stopping because end time detected by thread: Thread Group 1-71
2018-02-21 23:30:58,036 INFO o.a.j.t.JMeterThread: Stopping because end time detected by thread: Thread Group 1-84
2018-02-21 23:30:58,036 INFO o.a.j.t.JMeterThread: Thread finished: Thread Group 1-71
2018-02-21 23:30:58,036 INFO o.a.j.t.JMeterThread: Thread finished: Thread Group 1-84
2018-02-21 23:30:58,040 INFO o.a.j.t.JMeterThread: Stopping because end time detected by thread: Thread Group 1-12
2018-02-21 23:30:58,040 INFO o.a.j.t.JMeterThread: Thread finished: Thread Group 1-12
2018-02-21 23:30:58,044 INFO o.a.j.t.JMeterThread: Stopping because end time detected by thread: Thread Group 1-4
2018-02-21 23:30:58,044 INFO o.a.j.t.JMeterThread: Thread finished: Thread Group 1-4
2018-02-21 23:30:58,048 INFO o.a.j.t.JMeterThread: Stopping because end time detected by thread: Thread Group 1-3
2018-02-21 23:30:58,048 INFO o.a.j.t.JMeterThread: Thread finished: Thread Group 1-3
2018-02-21 23:30:58,051 INFO o.a.j.t.JMeterThread: Stopping because end time detected by thread: Thread Group 1-9
2018-02-21 23:30:58,051 INFO o.a.j.t.JMeterThread: Stopping because end time detected by thread: Thread Group 1-79
2018-02-21 23:30:58,051 INFO o.a.j.t.JMeterThread: Thread finished: Thread Group 1-9
2018-02-21 23:30:58,051 INFO o.a.j.t.JMeterThread: Thread finished: Thread Group 1-79
2018-02-21 23:30:58,054 INFO o.a.j.t.JMeterThread: Stopping because end time detected by thread: Thread Group 1-98
2018-02-21 23:30:58,054 INFO o.a.j.t.JMeterThread: Thread finished: Thread Group 1-98
2018-02-21 23:30:58,065 INFO o.a.j.t.JMeterThread: Stopping because end time detected by thread: Thread Group 1-29
2018-02-21 23:30:58,066 INFO o.a.j.t.JMeterThread: Thread finished: Thread Group 1-29
2018-02-21 23:30:58,068 INFO o.a.j.t.JMeterThread: Stopping because end time detected by thread: Thread Group 1-2
2018-02-21 23:30:58,068 INFO o.a.j.t.JMeterThread: Thread finished: Thread Group 1-2
2018-02-21 23:30:58,074 INFO o.a.j.t.JMeterThread: Stopping because end time detected by thread: Thread Group 1-43
2018-02-21 23:30:58,075 INFO o.a.j.t.JMeterThread: Thread finished: Thread Group 1-43
2018-02-21 23:30:58,082 INFO o.a.j.t.JMeterThread: Stopping because end time detected by thread: Thread Group 1-45
2018-02-21 23:30:58,082 INFO o.a.j.t.JMeterThread: Stopping because end time detected by thread: Thread Group 1-15
2018-02-21 23:30:58,082 INFO o.a.j.t.JMeterThread: Thread finished: Thread Group 1-45
2018-02-21 23:30:58,082 INFO o.a.j.t.JMeterThread: Thread finished: Thread Group 1-15
2018-02-21 23:30:58,085 INFO o.a.j.t.JMeterThread: Stopping because end time detected by thread: Thread Group 1-34
2018-02-21 23:30:58,085 INFO o.a.j.t.JMeterThread: Thread finished: Thread Group 1-34
2018-02-21 23:30:58,087 INFO o.a.j.t.JMeterThread: Stopping because end time detected by thread: Thread Group 1-70
2018-02-21 23:30:58,088 INFO o.a.j.t.JMeterThread: Thread finished: Thread Group 1-70
2018-02-21 23:30:58,092 INFO o.a.j.t.JMeterThread: Stopping because end time detected by thread: Thread Group 1-96
2018-02-21 23:30:58,092 INFO o.a.j.t.JMeterThread: Thread finished: Thread Group 1-96
2018-02-21 23:30:58,096 INFO o.a.j.t.JMeterThread: Stopping because end time detected by thread: Thread Group 1-48
2018-02-21 23:30:58,096 INFO o.a.j.t.JMeterThread: Thread finished: Thread Group 1-48
2018-02-21 23:30:58,109 INFO o.a.j.t.JMeterThread: Stopping because end time detected by thread: Thread Group 1-80
2018-02-21 23:30:58,109 INFO o.a.j.t.JMeterThread: Thread finished: Thread Group 1-80
2018-02-21 23:30:58,112 INFO o.a.j.t.JMeterThread: Stopping because end time detected by thread: Thread Group 1-24
2018-02-21 23:30:58,112 INFO o.a.j.t.JMeterThread: Thread finished: Thread Group 1-24
2018-02-21 23:30:58,114 INFO o.a.j.t.JMeterThread: Stopping because end time detected by thread: Thread Group 1-74
2018-02-21 23:30:58,114 INFO o.a.j.t.JMeterThread: Thread finished: Thread Group 1-74
2018-02-21 23:30:58,115 INFO o.a.j.t.JMeterThread: Stopping because end time detected by thread: Thread Group 1-36
2018-02-21 23:30:58,115 INFO o.a.j.t.JMeterThread: Stopping because end time detected by thread: Thread Group 1-58
2018-02-21 23:30:58,115 INFO o.a.j.t.JMeterThread: Thread finished: Thread Group 1-36
2018-02-21 23:30:58,115 INFO o.a.j.t.JMeterThread: Thread finished: Thread Group 1-58
2018-02-21 23:30:58,118 INFO o.a.j.t.JMeterThread: Stopping because end time detected by thread: Thread Group 1-38
2018-02-21 23:30:58,118 INFO o.a.j.t.JMeterThread: Thread finished: Thread Group 1-38
2018-02-21 23:30:58,119 INFO o.a.j.t.JMeterThread: Stopping because end time detected by thread: Thread Group 1-18
2018-02-21 23:30:58,119 INFO o.a.j.t.JMeterThread: Stopping because end time detected by thread: Thread Group 1-1
2018-02-21 23:30:58,119 INFO o.a.j.t.JMeterThread: Thread finished: Thread Group 1-18
2018-02-21 23:30:58,119 INFO o.a.j.t.JMeterThread: Thread finished: Thread Group 1-1
2018-02-21 23:30:58,121 INFO o.a.j.t.JMeterThread: Stopping because end time detected by thread: Thread Group 1-52
2018-02-21 23:30:58,121 INFO o.a.j.t.JMeterThread: Thread finished: Thread Group 1-52
2018-02-21 23:30:58,129 INFO o.a.j.t.JMeterThread: Stopping because end time detected by thread: Thread Group 1-69
2018-02-21 23:30:58,130 INFO o.a.j.t.JMeterThread: Thread finished: Thread Group 1-69
2018-02-21 23:30:58,133 INFO o.a.j.t.JMeterThread: Stopping because end time detected by thread: Thread Group 1-66
2018-02-21 23:30:58,133 INFO o.a.j.t.JMeterThread: Thread finished: Thread Group 1-66
2018-02-21 23:30:58,135 INFO o.a.j.t.JMeterThread: Stopping because end time detected by thread: Thread Group 1-67
2018-02-21 23:30:58,136 INFO o.a.j.t.JMeterThread: Thread finished: Thread Group 1-67
2018-02-21 23:30:58,138 INFO o.a.j.t.JMeterThread: Stopping because end time detected by thread: Thread Group 1-16
2018-02-21 23:30:58,138 INFO o.a.j.t.JMeterThread: Thread finished: Thread Group 1-16
2018-02-21 23:30:58,139 INFO o.a.j.t.JMeterThread: Stopping because end time detected by thread: Thread Group 1-8
2018-02-21 23:30:58,139 INFO o.a.j.t.JMeterThread: Thread finished: Thread Group 1-8
2018-02-21 23:30:58,139 INFO o.a.j.t.JMeterThread: Stopping because end time detected by thread: Thread Group 1-56
2018-02-21 23:30:58,139 INFO o.a.j.t.JMeterThread: Thread finished: Thread Group 1-56
2018-02-21 23:30:58,150 INFO o.a.j.t.JMeterThread: Stopping because end time detected by thread: Thread Group 1-32
2018-02-21 23:30:58,151 INFO o.a.j.t.JMeterThread: Thread finished: Thread Group 1-32
2018-02-21 23:30:58,151 INFO o.a.j.t.JMeterThread: Stopping because end time detected by thread: Thread Group 1-72
2018-02-21 23:30:58,151 INFO o.a.j.t.JMeterThread: Thread finished: Thread Group 1-72
2018-02-21 23:30:58,159 INFO o.a.j.t.JMeterThread: Stopping because end time detected by thread: Thread Group 1-57
2018-02-21 23:30:58,160 INFO o.a.j.t.JMeterThread: Thread finished: Thread Group 1-57
2018-02-21 23:30:58,163 INFO o.a.j.t.JMeterThread: Stopping because end time detected by thread: Thread Group 1-17
2018-02-21 23:30:58,163 INFO o.a.j.t.JMeterThread: Thread finished: Thread Group 1-17
2018-02-21 23:30:58,164 INFO o.a.j.t.JMeterThread: Stopping because end time detected by thread: Thread Group 1-7
2018-02-21 23:30:58,164 INFO o.a.j.t.JMeterThread: Thread finished: Thread Group 1-7
2018-02-21 23:30:58,165 INFO o.a.j.t.JMeterThread: Stopping because end time detected by thread: Thread Group 1-81
2018-02-21 23:30:58,166 INFO o.a.j.t.JMeterThread: Thread finished: Thread Group 1-81
2018-02-21 23:30:58,168 INFO o.a.j.t.JMeterThread: Stopping because end time detected by thread: Thread Group 1-37
2018-02-21 23:30:58,168 INFO o.a.j.t.JMeterThread: Thread finished: Thread Group 1-37
2018-02-21 23:30:58,170 INFO o.a.j.t.JMeterThread: Stopping because end time detected by thread: Thread Group 1-92
2018-02-21 23:30:58,170 INFO o.a.j.t.JMeterThread: Stopping because end time detected by thread: Thread Group 1-60
2018-02-21 23:30:58,170 INFO o.a.j.t.JMeterThread: Thread finished: Thread Group 1-92
2018-02-21 23:30:58,170 INFO o.a.j.t.JMeterThread: Thread finished: Thread Group 1-60
2018-02-21 23:30:58,174 INFO o.a.j.t.JMeterThread: Stopping because end time detected by thread: Thread Group 1-95
2018-02-21 23:30:58,175 INFO o.a.j.t.JMeterThread: Thread finished: Thread Group 1-95
2018-02-21 23:30:58,183 INFO o.a.j.t.JMeterThread: Stopping because end time detected by thread: Thread Group 1-28
2018-02-21 23:30:58,183 INFO o.a.j.t.JMeterThread: Thread finished: Thread Group 1-28
2018-02-21 23:30:58,198 INFO o.a.j.t.JMeterThread: Stopping because end time detected by thread: Thread Group 1-53
2018-02-21 23:30:58,199 INFO o.a.j.t.JMeterThread: Thread finished: Thread Group 1-53
2018-02-21 23:30:58,200 INFO o.a.j.t.JMeterThread: Stopping because end time detected by thread: Thread Group 1-63
2018-02-21 23:30:58,200 INFO o.a.j.t.JMeterThread: Thread finished: Thread Group 1-63
2018-02-21 23:30:58,204 INFO o.a.j.t.JMeterThread: Stopping because end time detected by thread: Thread Group 1-31
2018-02-21 23:30:58,205 INFO o.a.j.t.JMeterThread: Thread finished: Thread Group 1-31
2018-02-21 23:30:58,205 INFO o.a.j.t.JMeterThread: Stopping because end time detected by thread: Thread Group 1-90
2018-02-21 23:30:58,205 INFO o.a.j.t.JMeterThread: Thread finished: Thread Group 1-90
2018-02-21 23:30:58,212 INFO o.a.j.t.JMeterThread: Stopping because end time detected by thread: Thread Group 1-30
2018-02-21 23:30:58,212 INFO o.a.j.t.JMeterThread: Thread finished: Thread Group 1-30
2018-02-21 23:30:58,214 INFO o.a.j.t.JMeterThread: Stopping because end time detected by thread: Thread Group 1-61
2018-02-21 23:30:58,214 INFO o.a.j.t.JMeterThread: Thread finished: Thread Group 1-61
2018-02-21 23:30:58,215 INFO o.a.j.t.JMeterThread: Stopping because end time detected by thread: Thread Group 1-54
2018-02-21 23:30:58,215 INFO o.a.j.t.JMeterThread: Thread finished: Thread Group 1-54
2018-02-21 23:30:58,223 INFO o.a.j.t.JMeterThread: Stopping because end time detected by thread: Thread Group 1-14
2018-02-21 23:30:58,223 INFO o.a.j.t.JMeterThread: Thread finished: Thread Group 1-14
2018-02-21 23:30:58,228 INFO o.a.j.t.JMeterThread: Stopping because end time detected by thread: Thread Group 1-75
2018-02-21 23:30:58,228 INFO o.a.j.t.JMeterThread: Thread finished: Thread Group 1-75
2018-02-21 23:30:58,232 INFO o.a.j.t.JMeterThread: Stopping because end time detected by thread: Thread Group 1-99
2018-02-21 23:30:58,232 INFO o.a.j.t.JMeterThread: Thread finished: Thread Group 1-99
2018-02-21 23:30:58,249 INFO o.a.j.t.JMeterThread: Stopping because end time detected by thread: Thread Group 1-55
2018-02-21 23:30:58,249 INFO o.a.j.t.JMeterThread: Thread finished: Thread Group 1-55
2018-02-21 23:30:58,261 INFO o.a.j.t.JMeterThread: Stopping because end time detected by thread: Thread Group 1-10
2018-02-21 23:30:58,261 INFO o.a.j.t.JMeterThread: Thread finished: Thread Group 1-10
2018-02-21 23:30:58,263 INFO o.a.j.t.JMeterThread: Stopping because end time detected by thread: Thread Group 1-33
2018-02-21 23:30:58,263 INFO o.a.j.t.JMeterThread: Thread finished: Thread Group 1-33
2018-02-21 23:30:58,265 INFO o.a.j.t.JMeterThread: Stopping because end time detected by thread: Thread Group 1-76
2018-02-21 23:30:58,265 INFO o.a.j.t.JMeterThread: Thread finished: Thread Group 1-76
2018-02-21 23:30:58,266 INFO o.a.j.t.JMeterThread: Stopping because end time detected by thread: Thread Group 1-23
2018-02-21 23:30:58,266 INFO o.a.j.t.JMeterThread: Thread finished: Thread Group 1-23
2018-02-21 23:30:58,268 INFO o.a.j.t.JMeterThread: Stopping because end time detected by thread: Thread Group 1-97
2018-02-21 23:30:58,268 INFO o.a.j.t.JMeterThread: Thread finished: Thread Group 1-97
2018-02-21 23:30:58,271 INFO o.a.j.t.JMeterThread: Stopping because end time detected by thread: Thread Group 1-65
2018-02-21 23:30:58,271 INFO o.a.j.t.JMeterThread: Thread finished: Thread Group 1-65
2018-02-21 23:30:58,273 INFO o.a.j.t.JMeterThread: Stopping because end time detected by thread: Thread Group 1-68
2018-02-21 23:30:58,273 INFO o.a.j.t.JMeterThread: Stopping because end time detected by thread: Thread Group 1-44
2018-02-21 23:30:58,274 INFO o.a.j.t.JMeterThread: Thread finished: Thread Group 1-44
2018-02-21 23:30:58,274 INFO o.a.j.t.JMeterThread: Thread finished: Thread Group 1-68
2018-02-21 23:30:58,285 INFO o.a.j.t.JMeterThread: Stopping because end time detected by thread: Thread Group 1-59
2018-02-21 23:30:58,286 INFO o.a.j.t.JMeterThread: Thread finished: Thread Group 1-59
2018-02-21 23:30:58,288 INFO o.a.j.t.JMeterThread: Stopping because end time detected by thread: Thread Group 1-77
2018-02-21 23:30:58,288 INFO o.a.j.t.JMeterThread: Thread finished: Thread Group 1-77
2018-02-21 23:30:58,292 INFO o.a.j.t.JMeterThread: Stopping because end time detected by thread: Thread Group 1-35
2018-02-21 23:30:58,292 INFO o.a.j.t.JMeterThread: Thread finished: Thread Group 1-35
2018-02-21 23:30:58,297 INFO o.a.j.t.JMeterThread: Stopping because end time detected by thread: Thread Group 1-64
2018-02-21 23:30:58,297 INFO o.a.j.t.JMeterThread: Thread finished: Thread Group 1-64
2018-02-21 23:30:58,300 INFO o.a.j.t.JMeterThread: Stopping because end time detected by thread: Thread Group 1-78
2018-02-21 23:30:58,300 INFO o.a.j.t.JMeterThread: Thread finished: Thread Group 1-78
2018-02-21 23:30:58,303 INFO o.a.j.t.JMeterThread: Stopping because end time detected by thread: Thread Group 1-22
2018-02-21 23:30:58,303 INFO o.a.j.t.JMeterThread: Thread finished: Thread Group 1-22
2018-02-21 23:30:58,311 INFO o.a.j.t.JMeterThread: Stopping because end time detected by thread: Thread Group 1-20
2018-02-21 23:30:58,311 INFO o.a.j.t.JMeterThread: Thread finished: Thread Group 1-20
2018-02-21 23:30:58,313 INFO o.a.j.t.JMeterThread: Stopping because end time detected by thread: Thread Group 1-46
2018-02-21 23:30:58,313 INFO o.a.j.t.JMeterThread: Stopping because end time detected by thread: Thread Group 1-11
2018-02-21 23:30:58,313 INFO o.a.j.t.JMeterThread: Thread finished: Thread Group 1-46
2018-02-21 23:30:58,313 INFO o.a.j.t.JMeterThread: Thread finished: Thread Group 1-11
2018-02-21 23:30:58,318 INFO o.a.j.t.JMeterThread: Stopping because end time detected by thread: Thread Group 1-40
2018-02-21 23:30:58,319 INFO o.a.j.t.JMeterThread: Thread finished: Thread Group 1-40
2018-02-21 23:30:58,319 INFO o.a.j.t.JMeterThread: Stopping because end time detected by thread: Thread Group 1-13
2018-02-21 23:30:58,319 INFO o.a.j.t.JMeterThread: Thread finished: Thread Group 1-13
2018-02-21 23:30:58,325 INFO o.a.j.t.JMeterThread: Stopping because end time detected by thread: Thread Group 1-94
2018-02-21 23:30:58,326 INFO o.a.j.t.JMeterThread: Stopping because end time detected by thread: Thread Group 1-100
2018-02-21 23:30:58,326 INFO o.a.j.t.JMeterThread: Thread finished: Thread Group 1-94
2018-02-21 23:30:58,326 INFO o.a.j.t.JMeterThread: Thread finished: Thread Group 1-100
2018-02-21 23:30:58,341 INFO o.a.j.t.JMeterThread: Stopping because end time detected by thread: Thread Group 1-5
2018-02-21 23:30:58,341 INFO o.a.j.t.JMeterThread: Thread finished: Thread Group 1-5
2018-02-21 23:30:58,341 INFO o.a.j.t.JMeterThread: Stopping because end time detected by thread: Thread Group 1-83
2018-02-21 23:30:58,341 INFO o.a.j.t.JMeterThread: Stopping because end time detected by thread: Thread Group 1-19
2018-02-21 23:30:58,341 INFO o.a.j.t.JMeterThread: Thread finished: Thread Group 1-83
2018-02-21 23:30:58,341 INFO o.a.j.t.JMeterThread: Thread finished: Thread Group 1-19
2018-02-21 23:30:58,342 INFO o.a.j.t.JMeterThread: Stopping because end time detected by thread: Thread Group 1-49
2018-02-21 23:30:58,343 INFO o.a.j.t.JMeterThread: Thread finished: Thread Group 1-49
2018-02-21 23:30:58,344 INFO o.a.j.t.JMeterThread: Stopping because end time detected by thread: Thread Group 1-26
2018-02-21 23:30:58,345 INFO o.a.j.t.JMeterThread: Thread finished: Thread Group 1-26
2018-02-21 23:30:58,348 INFO o.a.j.t.JMeterThread: Stopping because end time detected by thread: Thread Group 1-6
2018-02-21 23:30:58,349 INFO o.a.j.t.JMeterThread: Thread finished: Thread Group 1-6
2018-02-21 23:30:58,350 INFO o.a.j.t.JMeterThread: Stopping because end time detected by thread: Thread Group 1-89
2018-02-21 23:30:58,350 INFO o.a.j.t.JMeterThread: Thread finished: Thread Group 1-89
2018-02-21 23:30:58,355 INFO o.a.j.t.JMeterThread: Stopping because end time detected by thread: Thread Group 1-85
2018-02-21 23:30:58,355 INFO o.a.j.t.JMeterThread: Thread finished: Thread Group 1-85
2018-02-21 23:30:58,412 INFO o.a.j.t.JMeterThread: Stopping because end time detected by thread: Thread Group 1-27
2018-02-21 23:30:58,412 INFO o.a.j.t.JMeterThread: Thread finished: Thread Group 1-27
2018-02-21 23:30:58,422 INFO o.a.j.t.JMeterThread: Stopping because end time detected by thread: Thread Group 1-39
2018-02-21 23:30:58,422 INFO o.a.j.t.JMeterThread: Thread finished: Thread Group 1-39
2018-02-21 23:30:58,436 INFO o.a.j.t.JMeterThread: Stopping because end time detected by thread: Thread Group 1-42
2018-02-21 23:30:58,437 INFO o.a.j.t.JMeterThread: Thread finished: Thread Group 1-42
2018-02-21 23:30:58,447 INFO o.a.j.t.JMeterThread: Stopping because end time detected by thread: Thread Group 1-73
2018-02-21 23:30:58,447 INFO o.a.j.t.JMeterThread: Thread finished: Thread Group 1-73
2018-02-21 23:30:58,451 INFO o.a.j.t.JMeterThread: Stopping because end time detected by thread: Thread Group 1-88
2018-02-21 23:30:58,451 INFO o.a.j.t.JMeterThread: Thread finished: Thread Group 1-88
2018-02-21 23:30:58,452 INFO o.a.j.t.JMeterThread: Stopping because end time detected by thread: Thread Group 1-25
2018-02-21 23:30:58,453 INFO o.a.j.t.JMeterThread: Thread finished: Thread Group 1-25
2018-02-21 23:30:58,454 INFO o.a.j.e.StandardJMeterEngine: Notifying test listeners of end of test
2018-02-21 23:30:58,530 INFO o.a.j.r.Summariser: summary +   6655 in 00:00:29 =  233.3/s Avg:   427 Min:   239 Max:   816 Err:  6655 (100.00%) Active: 0 Started: 100 Finished: 100
2018-02-21 23:30:58,531 INFO o.a.j.r.Summariser: summary =  12253 in 00:01:03 =  195.8/s Avg:   450 Min:   239 Max:   910 Err: 12253 (100.00%)
